<?xml version="1.0" encoding="UTF-8"?>
<!-- Generated by org.testng.reporters.JUnitReportReporter -->
<testsuite hostname="Kevins-MacBook-Air.local" failures="0" tests="3" name="tests.HomeLoans" time="0.015" errors="0" timestamp="2024-04-24T18:40:25 PDT" skipped="0">
  <testcase classname="tests.HomeLoans" name="WebLoginHome" time="0.007"/>
  <system-out/>
  <testcase classname="tests.HomeLoans" name="APILoginHome" time="0.007"/>
  <system-out/>
  <testcase classname="tests.HomeLoans" name="MobileLoginHome" time="0.001"/>
  <system-out/>
</testsuite> <!-- tests.HomeLoans -->
