<?xml version="1.0" encoding="UTF-8"?>
<!-- Generated by org.testng.reporters.JUnitReportReporter -->
<testsuite hostname="Kevins-MacBook-Air.local" failures="0" tests="1" name="tests.HomeLoans" time="0.002" errors="0" timestamp="2024-04-25T21:36:13 PDT" skipped="0">
  <testcase classname="tests.HomeLoans" name="MobileSearchHome" time="0.002"/>
  <system-out/>
</testsuite> <!-- tests.HomeLoans -->
