<?xml version="1.0" encoding="UTF-8"?>
<!-- Generated by org.testng.reporters.JUnitReportReporter -->
<testsuite hostname="Kevins-MacBook-Air.local" failures="0" tests="1" name="tests.SecondTests" time="0.007" errors="0" timestamp="2024-04-25T13:03:28 PDT" skipped="0">
  <testcase classname="tests.SecondTests" name="PersonalLoan" time="0.007"/>
  <system-out/>
</testsuite> <!-- tests.SecondTests -->
