<?xml version="1.0" encoding="UTF-8"?>
<!-- Generated by org.testng.reporters.JUnitReportReporter -->
<testsuite hostname="Kevins-MacBook-Air.local" failures="0" tests="2" name="tests.HomeLoans" time="0.007" errors="0" timestamp="2024-04-25T13:03:28 PDT" skipped="0">
  <testcase classname="tests.HomeLoans" name="MobileLoginHome" time="0.005"/>
  <system-out/>
  <testcase classname="tests.HomeLoans" name="MobileSearchHome" time="0.002"/>
  <system-out/>
</testsuite> <!-- tests.HomeLoans -->
