<?xml version="1.0" encoding="UTF-8"?>
<!-- Generated by org.testng.reporters.JUnitReportReporter -->
<testsuite hostname="Kevins-MacBook-Air.local" failures="0" tests="2" name="tests.FirstTests" time="0.005" errors="0" timestamp="2024-04-25T13:03:28 PDT" skipped="0">
  <testcase classname="tests.FirstTests" name="SecondTest" time="0.002"/>
  <system-out/>
  <testcase classname="tests.FirstTests" name="Demo" time="0.003"/>
  <system-out/>
</testsuite> <!-- tests.FirstTests -->
