<?xml version="1.0" encoding="UTF-8"?>
<!-- Generated by org.testng.reporters.JUnitReportReporter -->
<testsuite hostname="Kevins-MacBook-Air.local" failures="0" tests="5" name="tests.HomeLoans" time="0.016" errors="0" timestamp="2024-04-24T20:05:10 PDT" skipped="0">
  <testcase classname="tests.HomeLoans" name="APILoginHome" time="0.003"/>
  <system-out/>
  <testcase classname="tests.HomeLoans" name="MobilePayHome" time="0.004"/>
  <system-out/>
  <testcase classname="tests.HomeLoans" name="WebLoginHome" time="0.002"/>
  <system-out/>
  <testcase classname="tests.HomeLoans" name="MobileLoginHome" time="0.002"/>
  <system-out/>
  <testcase classname="tests.HomeLoans" name="MobileSearchHome" time="0.005"/>
  <system-out/>
</testsuite> <!-- tests.HomeLoans -->
