<?xml version="1.0" encoding="UTF-8"?>
<!-- Generated by org.testng.reporters.JUnitReportReporter -->
<testsuite hostname="Kevins-MacBook-Air.local" failures="0" tests="3" name="tests.LoanLogins" time="0.008" errors="0" timestamp="2024-04-24T20:05:10 PDT" skipped="0">
  <testcase classname="tests.LoanLogins" name="APILogin" time="0.003"/>
  <system-out/>
  <testcase classname="tests.LoanLogins" name="WebLogin" time="0.003"/>
  <system-out/>
  <testcase classname="tests.LoanLogins" name="MobileLogin" time="0.002"/>
  <system-out/>
</testsuite> <!-- tests.LoanLogins -->
