<?xml version="1.0" encoding="UTF-8"?>
<!-- Generated by org.testng.reporters.JUnitReportReporter -->
<testsuite hostname="Kevins-MacBook-Air.local" failures="0" tests="1" name="tests.FirstTests" time="0.004" errors="0" timestamp="2024-04-25T21:36:13 PDT" skipped="0">
  <testcase classname="tests.FirstTests" name="Demo" time="0.004"/>
  <system-out/>
</testsuite> <!-- tests.FirstTests -->
