<?xml version="1.0" encoding="UTF-8"?>
<!-- Generated by org.testng.reporters.JUnitReportReporter -->
<testsuite hostname="Kevins-MacBook-Air.local" failures="0" tests="2" name="tests.LoanLogins" time="0.005" errors="0" timestamp="2024-04-25T21:36:13 PDT" skipped="1">
  <testcase classname="tests.LoanLogins" name="MobileLogin" time="0.005"/>
  <system-out/>
  <testcase classname="tests.LoanLogins" name="WebLogin">
    <skipped/>
  </testcase> <!-- WebLogin -->
  <system-out/>
</testsuite> <!-- tests.LoanLogins -->
