<?xml version="1.0" encoding="UTF-8"?>
<!-- Generated by org.testng.reporters.JUnitReportReporter -->
<testsuite hostname="Kevins-MacBook-Air.local" failures="0" tests="6" name="tests.LoanLogins" time="0.049" errors="0" timestamp="2024-04-25T13:03:28 PDT" skipped="1">
  <testcase classname="tests.LoanLogins" name="APICarLogin" time="0.002"/>
  <system-out/>
  <testcase classname="tests.LoanLogins" name="APICarLogin" time="0.003"/>
  <system-out/>
  <testcase classname="tests.LoanLogins" name="APICarLogin" time="0.002"/>
  <system-out/>
  <testcase classname="tests.LoanLogins" name="APILogin" time="0.039"/>
  <system-out/>
  <testcase classname="tests.LoanLogins" name="MobileLogin" time="0.003"/>
  <system-out/>
  <testcase classname="tests.LoanLogins" name="WebLogin">
    <skipped/>
  </testcase> <!-- WebLogin -->
  <system-out/>
</testsuite> <!-- tests.LoanLogins -->
